# JRE version: Java(TM) SE Runtime Environment (8.0_201-b09) (build 1.8.0_201-b09)
# Java VM: Java HotSpot(TM) 64-Bit Server VM (25.201-b09 mixed mode windows-amd64 compressed oops)
Heap:
 PSYoungGen      total 143872K, used 17970K [0x00000000d5580000, 0x00000000ded80000, 0x0000000100000000)
  eden space 133120K, 8% used [0x00000000d5580000,0x00000000d5ffeca0,0x00000000dd780000)
  from space 10752K, 67% used [0x00000000de300000,0x00000000dea0def8,0x00000000ded80000)
  to   space 11264K, 0% used [0x00000000dd780000,0x00000000dd780000,0x00000000de280000)
 ParOldGen       total 87552K, used 12116K [0x0000000080000000, 0x0000000085580000, 0x00000000d5580000)
  object space 87552K, 13% used [0x0000000080000000,0x0000000080bd5370,0x0000000085580000)
 Metaspace       used 17031K, capacity 17422K, committed 17792K, reserved 1064960K
  class space    used 1976K, capacity 2089K, committed 2176K, reserved 1048576K
GC Heap History (10 events):
Event: 1.938 GC heap before
{Heap before GC invocations=2 (full 0):
 PSYoungGen      total 38400K, used 38108K [0x00000000d5580000, 0x00000000d8000000, 0x0000000100000000)
  eden space 33280K, 100% used [0x00000000d5580000,0x00000000d7600000,0x00000000d7600000)
  from space 5120K, 94% used [0x00000000d7600000,0x00000000d7ab73a8,0x00000000d7b00000)
  to   space 5120K, 0% used [0x00000000d7b00000,0x00000000d7b00000,0x00000000d8000000)
 ParOldGen       total 87552K, used 8K [0x0000000080000000, 0x0000000085580000, 0x00000000d5580000)
  object space 87552K, 0% used [0x0000000080000000,0x0000000080002000,0x0000000085580000)
 Metaspace       used 11316K, capacity 11458K, committed 11520K, reserved 1058816K
  class space    used 1380K, capacity 1475K, committed 1536K, reserved 1048576K
Event: 1.951 GC heap after
Heap after GC invocations=2 (full 0):
 PSYoungGen      total 38400K, used 5091K [0x00000000d5580000, 0x00000000da080000, 0x0000000100000000)
  eden space 33280K, 0% used [0x00000000d5580000,0x00000000d5580000,0x00000000d7600000)
  from space 5120K, 99% used [0x00000000d7b00000,0x00000000d7ff8fe8,0x00000000d8000000)
  to   space 5120K, 0% used [0x00000000d7600000,0x00000000d7600000,0x00000000d7b00000)
 ParOldGen       total 87552K, used 983K [0x0000000080000000, 0x0000000085580000, 0x00000000d5580000)
  object space 87552K, 1% used [0x0000000080000000,0x00000000800f5c10,0x0000000085580000)
 Metaspace       used 11316K, capacity 11458K, committed 11520K, reserved 1058816K
  class space    used 1380K, capacity 1475K, committed 1536K, reserved 1048576K
}
Event: 3.329 GC heap before
{Heap before GC invocations=3 (full 0):
 PSYoungGen      total 38400K, used 38371K [0x00000000d5580000, 0x00000000da080000, 0x0000000100000000)
  eden space 33280K, 100% used [0x00000000d5580000,0x00000000d7600000,0x00000000d7600000)
  from space 5120K, 99% used [0x00000000d7b00000,0x00000000d7ff8fe8,0x00000000d8000000)
  to   space 5120K, 0% used [0x00000000d7600000,0x00000000d7600000,0x00000000d7b00000)
 ParOldGen       total 87552K, used 983K [0x0000000080000000, 0x0000000085580000, 0x00000000d5580000)
  object space 87552K, 1% used [0x0000000080000000,0x00000000800f5c10,0x0000000085580000)
 Metaspace       used 14671K, capacity 14826K, committed 14976K, reserved 1062912K
  class space    used 1800K, capacity 1903K, committed 1920K, reserved 1048576K
Event: 3.346 GC heap after
Heap after GC invocations=3 (full 0):
 PSYoungGen      total 38400K, used 5088K [0x00000000d5580000, 0x00000000da080000, 0x0000000100000000)
  eden space 33280K, 0% used [0x00000000d5580000,0x00000000d5580000,0x00000000d7600000)
  from space 5120K, 99% used [0x00000000d7600000,0x00000000d7af8020,0x00000000d7b00000)
  to   space 5120K, 0% used [0x00000000d9b80000,0x00000000d9b80000,0x00000000da080000)
 ParOldGen       total 87552K, used 3581K [0x0000000080000000, 0x0000000085580000, 0x00000000d5580000)
  object space 87552K, 4% used [0x0000000080000000,0x000000008037f6c8,0x0000000085580000)
 Metaspace       used 14671K, capacity 14826K, committed 14976K, reserved 1062912K
  class space    used 1800K, capacity 1903K, committed 1920K, reserved 1048576K
}
Event: 3.899 GC heap before
{Heap before GC invocations=4 (full 0):
 PSYoungGen      total 38400K, used 38368K [0x00000000d5580000, 0x00000000da080000, 0x0000000100000000)
  eden space 33280K, 100% used [0x00000000d5580000,0x00000000d7600000,0x00000000d7600000)
  from space 5120K, 99% used [0x00000000d7600000,0x00000000d7af8020,0x00000000d7b00000)
  to   space 5120K, 0% used [0x00000000d9b80000,0x00000000d9b80000,0x00000000da080000)
 ParOldGen       total 87552K, used 3581K [0x0000000080000000, 0x0000000085580000, 0x00000000d5580000)
  object space 87552K, 4% used [0x0000000080000000,0x000000008037f6c8,0x0000000085580000)
 Metaspace       used 15122K, capacity 15354K, committed 15616K, reserved 1062912K
  class space    used 1832K, capacity 1943K, committed 2048K, reserved 1048576K
Event: 3.916 GC heap after
Heap after GC invocations=4 (full 0):
 PSYoungGen      total 71680K, used 5088K [0x00000000d5580000, 0x00000000da080000, 0x0000000100000000)
  eden space 66560K, 0% used [0x00000000d5580000,0x00000000d5580000,0x00000000d9680000)
  from space 5120K, 99% used [0x00000000d9b80000,0x00000000da078020,0x00000000da080000)
  to   space 5120K, 0% used [0x00000000d9680000,0x00000000d9680000,0x00000000d9b80000)
 ParOldGen       total 87552K, used 7607K [0x0000000080000000, 0x0000000085580000, 0x00000000d5580000)
  object space 87552K, 8% used [0x0000000080000000,0x000000008076dd98,0x0000000085580000)
 Metaspace       used 15122K, capacity 15354K, committed 15616K, reserved 1062912K
  class space    used 1832K, capacity 1943K, committed 2048K, reserved 1048576K
}
Event: 5.478 GC heap before
{Heap before GC invocations=5 (full 0):
 PSYoungGen      total 71680K, used 71648K [0x00000000d5580000, 0x00000000da080000, 0x0000000100000000)
  eden space 66560K, 100% used [0x00000000d5580000,0x00000000d9680000,0x00000000d9680000)
  from space 5120K, 99% used [0x00000000d9b80000,0x00000000da078020,0x00000000da080000)
  to   space 5120K, 0% used [0x00000000d9680000,0x00000000d9680000,0x00000000d9b80000)
 ParOldGen       total 87552K, used 7607K [0x0000000080000000, 0x0000000085580000, 0x00000000d5580000)
  object space 87552K, 8% used [0x0000000080000000,0x000000008076dd98,0x0000000085580000)
 Metaspace       used 15939K, capacity 16208K, committed 16384K, reserved 1062912K
  class space    used 1868K, capacity 1984K, committed 2048K, reserved 1048576K
Event: 5.503 GC heap after
Heap after GC invocations=5 (full 0):
 PSYoungGen      total 71680K, used 5088K [0x00000000d5580000, 0x00000000dee80000, 0x0000000100000000)
  eden space 66560K, 0% used [0x00000000d5580000,0x00000000d5580000,0x00000000d9680000)
  from space 5120K, 99% used [0x00000000d9680000,0x00000000d9b78020,0x00000000d9b80000)
  to   space 11776K, 0% used [0x00000000de300000,0x00000000de300000,0x00000000dee80000)
 ParOldGen       total 87552K, used 12116K [0x0000000080000000, 0x0000000085580000, 0x00000000d5580000)
  object space 87552K, 13% used [0x0000000080000000,0x0000000080bd5370,0x0000000085580000)
 Metaspace       used 15939K, capacity 16208K, committed 16384K, reserved 1062912K
  class space    used 1868K, capacity 1984K, committed 2048K, reserved 1048576K
}
Event: 6.036 GC heap before
{Heap before GC invocations=6 (full 0):
 PSYoungGen      total 71680K, used 71648K [0x00000000d5580000, 0x00000000dee80000, 0x0000000100000000)
  eden space 66560K, 100% used [0x00000000d5580000,0x00000000d9680000,0x00000000d9680000)
  from space 5120K, 99% used [0x00000000d9680000,0x00000000d9b78020,0x00000000d9b80000)
  to   space 11776K, 0% used [0x00000000de300000,0x00000000de300000,0x00000000dee80000)
 ParOldGen       total 87552K, used 12116K [0x0000000080000000, 0x0000000085580000, 0x00000000d5580000)
  object space 87552K, 13% used [0x0000000080000000,0x0000000080bd5370,0x0000000085580000)
 Metaspace       used 16932K, capacity 17294K, committed 17536K, reserved 1064960K
  class space    used 1976K, capacity 2089K, committed 2176K, reserved 1048576K
Event: 6.056 GC heap after
Heap after GC invocations=6 (full 0):
 PSYoungGen      total 143872K, used 7223K [0x00000000d5580000, 0x00000000ded80000, 0x0000000100000000)
  eden space 133120K, 0% used [0x00000000d5580000,0x00000000d5580000,0x00000000dd780000)
  from space 10752K, 67% used [0x00000000de300000,0x00000000dea0def8,0x00000000ded80000)
  to   space 11264K, 0% used [0x00000000dd780000,0x00000000dd780000,0x00000000de280000)
 ParOldGen       total 87552K, used 12116K [0x0000000080000000, 0x0000000085580000, 0x00000000d5580000)
  object space 87552K, 13% used [0x0000000080000000,0x0000000080bd5370,0x0000000085580000)
 Metaspace       used 16932K, capacity 17294K, committed 17536K, reserved 1064960K
  class space    used 1976K, capacity 2089K, committed 2176K, reserved 1048576K
}

